#
# A fatal error has been detected by the Java Runtime Environment:
#
#  EXCEPTION_ACCESS_VIOLATION (0xc0000005) at pc=0x6d12382b, pid=39368, tid=46352
#
# JRE version: 6.0_16-b01
# Java VM: Java HotSpot(TM) Client VM (14.2-b01 mixed mode windows-x86 )
# Problematic frame:
# C  [awt.dll+0x7382b]
#
# If you would like to submit a bug report, please visit:
#   http://java.sun.com/webapps/bugreport/crash.jsp
# The crash happened outside the Java Virtual Machine in native code.
# See problematic frame for where to report the bug.
#

---------------  T H R E A D  ---------------

Current thread (0x104f6400):  JavaThread "AWT-Windows" daemon [_thread_in_native, id=46352, stack(0x10bd0000,0x10c20000)]

siginfo: ExceptionCode=0xc0000005, reading address 0xb60f9c24

Registers:
EAX=0xb60f9c24, EBX=0x7637444f, ECX=0x10c1f618, EDX=0x6d1765b0
ESP=0x10c1f5e0, EBP=0x0000a220, ESI=0x14930a68, EDI=0x00000111
EIP=0x6d12382b, EFLAGS=0x00010286

Top of Stack: (sp=0x10c1f5e0)
0x10c1f5e0:   6d12688f 0000a220 00000000 00000000
0x10c1f5f0:   0000a220 14930a68 10c1f670 00000111
0x10c1f600:   00000001 10c1f644 75c8702c 00899580
0x10c1f610:   00000000 104f6510 10c1f664 6d16e058
0x10c1f620:   00000000 6d14db6e 00000111 0000a220
0x10c1f630:   00000000 00000000 000c0382 00000000
0x10c1f640:   00000000 6d11d66b 00000111 0000a220
0x10c1f650:   00000000 00000000 6d11d610 00000000 

Instructions: (pc=0x6d12382b)
0x6d12381b:   04 50 b9 38 29 1b 6d e8 49 67 02 00 85 c0 74 07
0x6d12382b:   8b 10 8b c8 ff 52 04 b8 02 00 00 00 c2 0c 00 50 


Stack: [0x10bd0000,0x10c20000],  sp=0x10c1f5e0,  free space=317k
Native frames: (J=compiled Java code, j=interpreted, Vv=VM code, C=native code)
C  [awt.dll+0x7382b]

[error occurred during error reporting (printing native stack), id 0xc0000005]

Java frames: (J=compiled Java code, j=interpreted, Vv=VM code)
j  sun.awt.windows.WToolkit.eventLoop()V+0
j  sun.awt.windows.WToolkit.run()V+69
j  java.lang.Thread.run()V+11
v  ~StubRoutines::call_stub

---------------  P R O C E S S  ---------------

Java Threads: ( => current thread )
  0x14941c00 JavaThread "D3D Screen Updater" daemon [_thread_blocked, id=1056, stack(0x153b0000,0x15400000)]
  0x001f7000 JavaThread "DestroyJavaVM" [_thread_blocked, id=48088, stack(0x01f50000,0x01fa0000)]
  0x1492e800 JavaThread "TimerQueue" daemon [_thread_blocked, id=46116, stack(0x15100000,0x15150000)]
  0x10633400 JavaThread "AWT-EventQueue-0" [_thread_in_native, id=43924, stack(0x13dc0000,0x13e10000)]
=>0x104f6400 JavaThread "AWT-Windows" daemon [_thread_in_native, id=46352, stack(0x10bd0000,0x10c20000)]
  0x104f5c00 JavaThread "AWT-Shutdown" [_thread_blocked, id=47568, stack(0x10b40000,0x10b90000)]
  0x10525800 JavaThread "Java2D Disposer" daemon [_thread_blocked, id=46976, stack(0x10960000,0x109b0000)]
  0x104b0c00 JavaThread "Low Memory Detector" daemon [_thread_blocked, id=44180, stack(0x10770000,0x107c0000)]
  0x02090400 JavaThread "CompilerThread0" daemon [_thread_blocked, id=47900, stack(0x106e0000,0x10730000)]
  0x0208d400 JavaThread "Attach Listener" daemon [_thread_blocked, id=46252, stack(0x10450000,0x104a0000)]
  0x02082c00 JavaThread "Signal Dispatcher" daemon [_thread_blocked, id=1012, stack(0x103c0000,0x10410000)]
  0x02056000 JavaThread "Finalizer" daemon [_thread_blocked, id=47788, stack(0x10330000,0x10380000)]
  0x02051800 JavaThread "Reference Handler" daemon [_thread_blocked, id=45340, stack(0x102a0000,0x102f0000)]

Other Threads:
  0x0204dc00 VMThread [stack: 0x10210000,0x10260000] [id=46588]
  0x0209e400 WatcherThread [stack: 0x10800000,0x10850000] [id=47040]

VM state:not at safepoint (normal execution)

VM Mutex/Monitor currently owned by a thread: None

Heap
 def new generation   total 9088K, used 515K [0x04120000, 0x04af0000, 0x04af0000)
  eden space 8128K,   1% used [0x04120000, 0x04147528, 0x04910000)
  from space 960K,  37% used [0x04a00000, 0x04a59978, 0x04af0000)
  to   space 960K,   0% used [0x04910000, 0x04910000, 0x04a00000)
 tenured generation   total 121024K, used 3310K [0x04af0000, 0x0c120000, 0x0c120000)
   the space 121024K,   2% used [0x04af0000, 0x04e2b8b8, 0x04e2ba00, 0x0c120000)
 compacting perm gen  total 12288K, used 11193K [0x0c120000, 0x0cd20000, 0x10120000)
   the space 12288K,  91% used [0x0c120000, 0x0cc0e700, 0x0cc0e800, 0x0cd20000)
No shared spaces configured.

Dynamic libraries:
0x00400000 - 0x00424000 	C:\Users\CyberPower\Downloads\PrintrboardDrivers\arduino0022 Printrboard\arduino-0022\java\bin\javaw.exe
0x77150000 - 0x772d0000 	C:\Windows\SysWOW64\ntdll.dll
0x76360000 - 0x76470000 	C:\Windows\syswow64\kernel32.dll
0x760c0000 - 0x76107000 	C:\Windows\syswow64\KERNELBASE.dll
0x75910000 - 0x759b0000 	C:\Windows\syswow64\ADVAPI32.dll
0x75d80000 - 0x75e2c000 	C:\Windows\syswow64\msvcrt.dll
0x759e0000 - 0x759f9000 	C:\Windows\SysWOW64\sechost.dll
0x76770000 - 0x76860000 	C:\Windows\syswow64\RPCRT4.dll
0x74830000 - 0x74890000 	C:\Windows\syswow64\SspiCli.dll
0x74820000 - 0x7482c000 	C:\Windows\syswow64\CRYPTBASE.dll
0x75c70000 - 0x75d70000 	C:\Windows\syswow64\USER32.dll
0x74a90000 - 0x74b20000 	C:\Windows\syswow64\GDI32.dll
0x75830000 - 0x7583a000 	C:\Windows\syswow64\LPK.dll
0x76020000 - 0x760bd000 	C:\Windows\syswow64\USP10.dll
0x76470000 - 0x764d0000 	C:\Windows\system32\IMM32.DLL
0x75a60000 - 0x75b2c000 	C:\Windows\syswow64\MSCTF.dll
0x7c340000 - 0x7c396000 	C:\Users\CyberPower\Downloads\PrintrboardDrivers\arduino0022 Printrboard\arduino-0022\java\bin\msvcr71.dll
0x6d8b0000 - 0x6db3b000 	C:\Users\CyberPower\Downloads\PrintrboardDrivers\arduino0022 Printrboard\arduino-0022\java\bin\client\jvm.dll
0x73f60000 - 0x73f92000 	C:\Windows\system32\WINMM.dll
0x72900000 - 0x7294c000 	C:\Windows\system32\apphelp.dll
0x6d860000 - 0x6d86c000 	C:\Users\CyberPower\Downloads\PrintrboardDrivers\arduino0022 Printrboard\arduino-0022\java\bin\verify.dll
0x6d3e0000 - 0x6d3ff000 	C:\Users\CyberPower\Downloads\PrintrboardDrivers\arduino0022 Printrboard\arduino-0022\java\bin\java.dll
0x6d340000 - 0x6d348000 	C:\Users\CyberPower\Downloads\PrintrboardDrivers\arduino0022 Printrboard\arduino-0022\java\bin\hpi.dll
0x77120000 - 0x77125000 	C:\Windows\syswow64\PSAPI.DLL
0x6d8a0000 - 0x6d8af000 	C:\Users\CyberPower\Downloads\PrintrboardDrivers\arduino0022 Printrboard\arduino-0022\java\bin\zip.dll
0x6d0b0000 - 0x6d1fa000 	C:\Users\CyberPower\Downloads\PrintrboardDrivers\arduino0022 Printrboard\arduino-0022\java\bin\awt.dll
0x72e70000 - 0x72ec1000 	C:\Windows\system32\WINSPOOL.DRV
0x75ec0000 - 0x7601c000 	C:\Windows\syswow64\ole32.dll
0x71390000 - 0x7152e000 	C:\Windows\WinSxS\x86_microsoft.windows.common-controls_6595b64144ccf1df_6.0.7601.17514_none_41e6975e2bd6f2b2\comctl32.dll
0x74a30000 - 0x74a87000 	C:\Windows\syswow64\SHLWAPI.dll
0x727a0000 - 0x727b3000 	C:\Windows\system32\DWMAPI.DLL
0x72080000 - 0x72100000 	C:\Windows\system32\uxtheme.dll
0x74540000 - 0x7455a000 	C:\Program Files (x86)\TeamViewer\Version8\tv_w32.dll
0x74750000 - 0x74759000 	C:\Windows\system32\VERSION.dll
0x6c240000 - 0x6c267000 	C:\Windows\system32\CRTDLL.dll
0x74b20000 - 0x7576a000 	C:\Windows\syswow64\SHELL32.dll
0x728e0000 - 0x728f6000 	C:\Windows\system32\CRYPTSP.dll
0x728a0000 - 0x728db000 	C:\Windows\system32\rsaenh.dll
0x73ca0000 - 0x73cb7000 	C:\Windows\system32\USERENV.dll
0x73d00000 - 0x73d0b000 	C:\Windows\system32\profapi.dll
0x6d6c0000 - 0x6d6d3000 	C:\Users\CyberPower\Downloads\PrintrboardDrivers\arduino0022 Printrboard\arduino-0022\java\bin\net.dll
0x758d0000 - 0x75905000 	C:\Windows\syswow64\WS2_32.dll
0x75d70000 - 0x75d76000 	C:\Windows\syswow64\NSI.dll
0x73c00000 - 0x73c3c000 	C:\Windows\system32\mswsock.dll
0x73080000 - 0x73086000 	C:\Windows\System32\wship6.dll
0x72720000 - 0x72730000 	C:\Windows\system32\NLAapi.dll
0x72710000 - 0x72720000 	C:\Windows\system32\napinsp.dll
0x72520000 - 0x72532000 	C:\Windows\system32\pnrpnsp.dll
0x73030000 - 0x73074000 	C:\Windows\system32\DNSAPI.dll
0x72510000 - 0x72518000 	C:\Windows\System32\winrnr.dll
0x72500000 - 0x7250d000 	C:\Windows\system32\wshbth.dll
0x73000000 - 0x73021000 	C:\Program Files (x86)\Bonjour\mdnsNSP.dll
0x738a0000 - 0x738bc000 	C:\Windows\system32\Iphlpapi.DLL
0x73890000 - 0x73897000 	C:\Windows\system32\WINNSI.DLL
0x73bf0000 - 0x73bf5000 	C:\Windows\System32\wshtcpip.dll
0x72fc0000 - 0x72fc6000 	C:\Windows\system32\rasadhlp.dll
0x72b10000 - 0x72b48000 	C:\Windows\System32\fwpuclnt.dll
0x10d60000 - 0x10dac000 	G:\AppData\Local\Temp\jna6038526776275098820.tmp
0x6d2e0000 - 0x6d334000 	C:\Users\CyberPower\Downloads\PrintrboardDrivers\arduino0022 Printrboard\arduino-0022\java\bin\fontmanager.dll
0x71c90000 - 0x71e53000 	C:\Windows\system32\d3d9.dll
0x719b0000 - 0x719b6000 	C:\Windows\system32\d3d8thk.dll
0x63bc0000 - 0x63cb4000 	C:\Windows\system32\dlumd32.dll
0x67f80000 - 0x6806b000 	C:\Windows\system32\dbghelp.dll
0x74890000 - 0x74a2d000 	C:\Windows\syswow64\SETUPAPI.dll
0x75800000 - 0x75827000 	C:\Windows\syswow64\CFGMGR32.dll
0x75e30000 - 0x75ebf000 	C:\Windows\syswow64\OLEAUT32.dll
0x75c50000 - 0x75c62000 	C:\Windows\syswow64\DEVOBJ.dll
0x73c90000 - 0x73c9d000 	C:\Windows\system32\wtsapi32.dll
0x68690000 - 0x68777000 	C:\Windows\system32\aticfx32.dll
0x70990000 - 0x7099b000 	C:\Windows\system32\atiu9pag.dll
0x62900000 - 0x62e41000 	C:\Windows\system32\atiumdag.dll
0x63160000 - 0x635ed000 	C:\Windows\system32\atiumdva.dll
0x118a0000 - 0x11e88000 	C:\Windows\system32\igdumd32.dll
0x6d6e0000 - 0x6d6e9000 	C:\Users\CyberPower\Downloads\PrintrboardDrivers\arduino0022 Printrboard\arduino-0022\java\bin\nio.dll
0x13f10000 - 0x13f22000 	C:\Users\CyberPower\Downloads\PrintrboardDrivers\arduino0022 Printrboard\arduino-0022\rxtxSerial.dll

VM Arguments:
jvm_args: -Xms128m -Xmx128m 
java_command: processing.app.Base
Launcher Type: SUN_STANDARD

Environment Variables:
PATH=C:\Program Files (x86)\AMD APP\bin\x86_64;C:\Program Files (x86)\AMD APP\bin\x86;C:\Program Files (x86)\Intel\iCLS Client\;C:\Program Files\Intel\iCLS Client\;C:\Windows\system32;C:\Windows;C:\Windows\System32\Wbem;C:\Windows\System32\WindowsPowerShell\v1.0\;C:\Program Files\Intel\Intel(R) Management Engine Components\DAL;C:\Program Files\Intel\Intel(R) Management Engine Components\IPT;C:\Program Files (x86)\Intel\Intel(R) Management Engine Components\DAL;C:\Program Files (x86)\Intel\Intel(R) Management Engine Components\IPT;C:\Program Files (x86)\ATI Technologies\ATI.ACE\Core-Static;C:\Program Files (x86)\Atmel\Flip 3.4.7\bin;C:\Users\CyberPower\Downloads\PrintrboardDrivers\arduino0022 Printrboard\arduino-0022\java\bin
USERNAME=CyberPower
OS=Windows_NT
PROCESSOR_IDENTIFIER=Intel64 Family 6 Model 58 Stepping 9, GenuineIntel



---------------  S Y S T E M  ---------------

OS: Windows 7 Build 7601 Service Pack 1

CPU:total 8 (8 cores per cpu, 2 threads per core) family 6 model 58 stepping 9, cmov, cx8, fxsr, mmx, sse, sse2, sse3, ssse3, sse4.1, sse4.2, ht

Memory: 4k page, physical 4194303k(4194303k free), swap 4194303k(4194303k free)

vm_info: Java HotSpot(TM) Client VM (14.2-b01) for windows-x86 JRE (1.6.0_16-b01), built on Jul 31 2009 11:26:58 by "java_re" with MS VC++ 7.1

time: Sat Feb 23 19:01:25 2013
elapsed time: 4638 seconds

